<?xml version="1.0" encoding="UTF-8"?>
<testsuite xmlns:xsi="http://www.w3.org/2001/XMLSchema-instance" xsi:noNamespaceSchemaLocation="https://maven.apache.org/surefire/maven-surefire-plugin/xsd/surefire-test-report.xsd" name="testrunner.TestRunner" time="38.935" tests="5" errors="0" skipped="0" failures="0">
  <properties>
[...]
</properties>
  <testcase name="1 - retrieve ids and validate currency conversion" classname="CoinMarketCap API OR BACKEND Tasks" time="9.223"/>
  <testcase name="2 - Retrive and validate cryptocurrency info details for single id" classname="CoinMarketCap API OR BACKEND Tasks" time="0.652"/>
  <testcase name="3 - Retrive and validate cryptocurrency info details of first 10 currencies" classname="CoinMarketCap API OR BACKEND Tasks" time="0.377"/>
  <testcase name="1 - Open CoinMarketCap application and verify number of rows displayed" classname="CoinMarketCap UI Tasks" time="13.9"/>
  <testcase name="2 - Open CoinMarketCap application and verify data based on filters" classname="CoinMarketCap UI Tasks" time="11.38"/>
</testsuite>